<?xml version="1.0" encoding="UTF-8"?>
<!-- Generated by org.testng.reporters.JUnitXMLReporter -->
<testsuite hostname="DESKTOP-VOK5UB5" ignored="0" name="Test" tests="3" failures="0" timestamp="2020-07-18T23:53:02 IST" time="21.609" errors="0">
  <testcase name="testcase1" time="7.044" classname="cg.jenkins.Testcase1"/>
  <testcase name="testcase2" time="7.764" classname="cg.jenkins.Testcase2"/>
  <testcase name="testcase3" time="6.726" classname="cg.jenkins.Testcase3"/>
</testsuite> <!-- Test -->
