<?xml version="1.0" encoding="UTF-8"?>
<testng-results skipped="0" failed="0" ignored="0" total="3" passed="3">
  <reporter-output>
  </reporter-output>
  <suite name="Suite" duration-ms="21609" started-at="2020-07-18T23:52:40 IST" finished-at="2020-07-18T23:53:02 IST">
    <groups>
    </groups>
    <test name="Test" duration-ms="21609" started-at="2020-07-18T23:52:40 IST" finished-at="2020-07-18T23:53:02 IST">
      <class name="cg.jenkins.Testcase3">
        <test-method status="PASS" signature="testcase3()[pri:0, instance:cg.jenkins.Testcase3@78b729e6]" name="testcase3" duration-ms="6726" started-at="2020-07-18T23:52:55 IST" finished-at="2020-07-18T23:53:02 IST">
          <reporter-output>
          </reporter-output>
        </test-method> <!-- testcase3 -->
      </class> <!-- cg.jenkins.Testcase3 -->
      <class name="cg.jenkins.Testcase2">
        <test-method status="PASS" signature="testcase2()[pri:0, instance:cg.jenkins.Testcase2@501edcf1]" name="testcase2" duration-ms="7764" started-at="2020-07-18T23:52:48 IST" finished-at="2020-07-18T23:52:55 IST">
          <reporter-output>
          </reporter-output>
        </test-method> <!-- testcase2 -->
      </class> <!-- cg.jenkins.Testcase2 -->
      <class name="cg.jenkins.Testcase1">
        <test-method status="PASS" signature="testcase1()[pri:0, instance:cg.jenkins.Testcase1@10db82ae]" name="testcase1" duration-ms="7044" started-at="2020-07-18T23:52:40 IST" finished-at="2020-07-18T23:52:48 IST">
          <reporter-output>
          </reporter-output>
        </test-method> <!-- testcase1 -->
      </class> <!-- cg.jenkins.Testcase1 -->
    </test> <!-- Test -->
  </suite> <!-- Suite -->
</testng-results>
